<?xml version="1.0" encoding="UTF-8"?>
<!-- Generated by org.testng.reporters.JUnitReportReporter -->
<testsuite hostname="DESKTOP-J3U9D17" name="Org.qsp.demotestNG.DemoTestNg1" tests="1" failures="0" timestamp="24 Jul 2020 05:58:29 GMT" time="0.102" errors="0">
  <testcase name="m1" time="0.102" classname="Org.qsp.demotestNG.DemoTestNg1"/>
</testsuite> <!-- Org.qsp.demotestNG.DemoTestNg1 -->
